<?xml version="1.0" encoding="UTF-8"?>
<testsuite xmlns:xsi="http://www.w3.org/2001/XMLSchema-instance" xsi:noNamespaceSchemaLocation="https://maven.apache.org/surefire/maven-surefire-plugin/xsd/surefire-test-report.xsd" name="package1.MyUtilTest" time="0.004" tests="3" errors="0" skipped="0" failures="0">
  <properties>
    <property name="sun.desktop" value="windows"/>
    <property name="awt.toolkit" value="sun.awt.windows.WToolkit"/>
    <property name="java.specification.version" value="11"/>
    <property name="sun.cpu.isalist" value="amd64"/>
    <property name="sun.jnu.encoding" value="Cp1252"/>
    <property name="java.class.path" value="C:\Users\savsa\Desktop\demo (1)\untitled1\target\test-classes;C:\Users\savsa\Desktop\demo (1)\untitled1\target\classes;C:\Users\savsa\.m2\repository\org\junit\jupiter\junit-jupiter-engine\5.8.2\junit-jupiter-engine-5.8.2.jar;C:\Users\savsa\.m2\repository\org\junit\platform\junit-platform-engine\1.8.2\junit-platform-engine-1.8.2.jar;C:\Users\savsa\.m2\repository\org\apiguardian\apiguardian-api\1.1.2\apiguardian-api-1.1.2.jar;C:\Users\savsa\.m2\repository\org\junit\jupiter\junit-jupiter-api\5.8.2\junit-jupiter-api-5.8.2.jar;C:\Users\savsa\.m2\repository\org\opentest4j\opentest4j\1.2.0\opentest4j-1.2.0.jar;C:\Users\savsa\.m2\repository\org\junit\platform\junit-platform-commons\1.8.2\junit-platform-commons-1.8.2.jar;C:\Users\savsa\.m2\repository\org\junit\platform\junit-platform-runner\1.7.0\junit-platform-runner-1.7.0.jar;C:\Users\savsa\.m2\repository\junit\junit\4.13\junit-4.13.jar;C:\Users\savsa\.m2\repository\org\hamcrest\hamcrest-core\1.3\hamcrest-core-1.3.jar;C:\Users\savsa\.m2\repository\org\junit\platform\junit-platform-launcher\1.7.0\junit-platform-launcher-1.7.0.jar;C:\Users\savsa\.m2\repository\org\junit\platform\junit-platform-suite-api\1.7.0\junit-platform-suite-api-1.7.0.jar;C:\Users\savsa\.m2\repository\org\junit\jupiter\junit-jupiter-params\5.8.1\junit-jupiter-params-5.8.1.jar;"/>
    <property name="java.vm.vendor" value="Oracle Corporation"/>
    <property name="sun.arch.data.model" value="64"/>
    <property name="user.variant" value=""/>
    <property name="java.vendor.url" value="https://openjdk.java.net/"/>
    <property name="user.timezone" value="Europe/London"/>
    <property name="java.vm.specification.version" value="11"/>
    <property name="os.name" value="Windows 10"/>
    <property name="sun.java.launcher" value="SUN_STANDARD"/>
    <property name="user.country" value="GB"/>
    <property name="sun.boot.library.path" value="C:\Program Files\Java\jdk-11.0.13\jdk-11.0.13\bin"/>
    <property name="sun.java.command" value="C:\Users\savsa\AppData\Local\Temp\surefire5965876935921186938\surefirebooter13340175760370002359.jar C:\Users\savsa\AppData\Local\Temp\surefire5965876935921186938 2022-02-06T20-37-36_911-jvmRun1 surefire3342144735917693133tmp surefire_04559709779211892897tmp"/>
    <property name="jdk.debug" value="release"/>
    <property name="surefire.test.class.path" value="C:\Users\savsa\Desktop\demo (1)\untitled1\target\test-classes;C:\Users\savsa\Desktop\demo (1)\untitled1\target\classes;C:\Users\savsa\.m2\repository\org\junit\jupiter\junit-jupiter-engine\5.8.2\junit-jupiter-engine-5.8.2.jar;C:\Users\savsa\.m2\repository\org\junit\platform\junit-platform-engine\1.8.2\junit-platform-engine-1.8.2.jar;C:\Users\savsa\.m2\repository\org\apiguardian\apiguardian-api\1.1.2\apiguardian-api-1.1.2.jar;C:\Users\savsa\.m2\repository\org\junit\jupiter\junit-jupiter-api\5.8.2\junit-jupiter-api-5.8.2.jar;C:\Users\savsa\.m2\repository\org\opentest4j\opentest4j\1.2.0\opentest4j-1.2.0.jar;C:\Users\savsa\.m2\repository\org\junit\platform\junit-platform-commons\1.8.2\junit-platform-commons-1.8.2.jar;C:\Users\savsa\.m2\repository\org\junit\platform\junit-platform-runner\1.7.0\junit-platform-runner-1.7.0.jar;C:\Users\savsa\.m2\repository\junit\junit\4.13\junit-4.13.jar;C:\Users\savsa\.m2\repository\org\hamcrest\hamcrest-core\1.3\hamcrest-core-1.3.jar;C:\Users\savsa\.m2\repository\org\junit\platform\junit-platform-launcher\1.7.0\junit-platform-launcher-1.7.0.jar;C:\Users\savsa\.m2\repository\org\junit\platform\junit-platform-suite-api\1.7.0\junit-platform-suite-api-1.7.0.jar;C:\Users\savsa\.m2\repository\org\junit\jupiter\junit-jupiter-params\5.8.1\junit-jupiter-params-5.8.1.jar;"/>
    <property name="sun.cpu.endian" value="little"/>
    <property name="user.home" value="C:\Users\savsa"/>
    <property name="user.language" value="en"/>
    <property name="java.specification.vendor" value="Oracle Corporation"/>
    <property name="java.version.date" value="2021-10-19"/>
    <property name="java.home" value="C:\Program Files\Java\jdk-11.0.13\jdk-11.0.13"/>
    <property name="file.separator" value="\"/>
    <property name="basedir" value="C:\Users\savsa\Desktop\demo (1)\untitled1"/>
    <property name="java.vm.compressedOopsMode" value="Zero based"/>
    <property name="line.separator" value="&#10;"/>
    <property name="java.specification.name" value="Java Platform API Specification"/>
    <property name="java.vm.specification.vendor" value="Oracle Corporation"/>
    <property name="java.awt.graphicsenv" value="sun.awt.Win32GraphicsEnvironment"/>
    <property name="surefire.real.class.path" value="C:\Users\savsa\AppData\Local\Temp\surefire5965876935921186938\surefirebooter13340175760370002359.jar"/>
    <property name="user.script" value=""/>
    <property name="sun.management.compiler" value="HotSpot 64-Bit Tiered Compilers"/>
    <property name="java.runtime.version" value="11.0.13+10-LTS-370"/>
    <property name="user.name" value="savsa"/>
    <property name="path.separator" value=";"/>
    <property name="os.version" value="10.0"/>
    <property name="java.runtime.name" value="Java(TM) SE Runtime Environment"/>
    <property name="file.encoding" value="Cp1252"/>
    <property name="java.vm.name" value="Java HotSpot(TM) 64-Bit Server VM"/>
    <property name="java.vendor.version" value="18.9"/>
    <property name="localRepository" value="C:\Users\savsa\.m2\repository"/>
    <property name="java.vendor.url.bug" value="https://bugreport.java.com/bugreport/"/>
    <property name="java.io.tmpdir" value="C:\Users\savsa\AppData\Local\Temp\"/>
    <property name="java.version" value="11.0.13"/>
    <property name="user.dir" value="C:\Users\savsa\Desktop\demo (1)\untitled1"/>
    <property name="os.arch" value="amd64"/>
    <property name="java.vm.specification.name" value="Java Virtual Machine Specification"/>
    <property name="java.awt.printerjob" value="sun.awt.windows.WPrinterJob"/>
    <property name="sun.os.patch.level" value=""/>
    <property name="java.library.path" value="C:\Program Files\Java\jdk-11.0.13\jdk-11.0.13\bin;C:\WINDOWS\Sun\Java\bin;C:\WINDOWS\system32;C:\WINDOWS;C:\Program Files\Eclipse Adoptium\jdk-11.0.13.8-hotspot\bin;C:\Python39\Scripts\;C:\Python39\;C:\Program Files (x86)\Common Files\Oracle\Java\javapath;C:\WINDOWS\system32;C:\WINDOWS;C:\WINDOWS\System32\Wbem;C:\WINDOWS\System32\WindowsPowerShell\v1.0\;C:\Program Files\Git\cmd;C:\Users\savsa\AppData\Local\Android\Sdk\platform-tools;C:\curl;C:\Program Files\Microsoft SQL Server\130\Tools\Binn\;C:\ProgramData\chocolatey\bin;C:\Program Files\nodejs\;C:\src\flutter;C:\Users\savsa\AppData\Local\Programs\Python\Python39\Scripts;C:\Program Files\Microsoft SQL Server\Client SDK\ODBC\170\Tools\Binn\;C:\Program Files\dotnet\;C:\tools\apache-maven-3.8.3\bin;C:\Program Files\Java\jre-10.0.2\bin;C:\Program Files\Docker\Docker\resources\bin;C:\ProgramData\DockerDesktop\version-bin;C:\WINDOWS\System32\OpenSSH\;C:\tools\chromedriver_win32;C:\Users\savsa\AppData\Local\Programs\Python\Python39\Scripts\;C:\Users\savsa\AppData\Local\Programs\Python\Python39\;C:\Users\savsa\AppData\Local\Microsoft\WindowsApps;C:\Users\savsa\AppData\Local\GitHubDesktop\bin;C:\Program Files\JetBrains\IntelliJ IDEA Educational Edition 2020.2.4\bin;;C:\Users\savsa\AppData\Local\Microsoft\WindowsApps;C:\Users\savsa\AppData\Local\Android\Sdk\platform-tools;C:\src\flutter\bin;C:\tools\dart-sdk\bin;C:\Users\savsa\AppData\Roaming\Pub\Cache\bin;C:\Users\savsa\AppData\Roaming\npm;C:\src\flutter;C:\xampp\php;C:\Program Files\JetBrains\PyCharm Community Edition 2021.1.3\bin;;C:\Users\savsa\.dotnet\tools;C:\Users\savsa\AppData\Local\Programs\Microsoft VS Code\bin;C:\tools\apache-maven-3.8.3\bin;C:\Program Files\apache-maven-3.8.3\bin;C:\tools\flutter\bin;C:\tools\chromedriver_win32\chromedriver.exe;;."/>
    <property name="java.vendor" value="Oracle Corporation"/>
    <property name="java.vm.info" value="mixed mode"/>
    <property name="java.vm.version" value="11.0.13+10-LTS-370"/>
    <property name="sun.io.unicode.encoding" value="UnicodeLittle"/>
    <property name="java.class.version" value="55.0"/>
  </properties>
  <testcase name="test2" classname="package1.MyUtilTest" time="0.001"/>
  <testcase name="test4" classname="package1.MyUtilTest" time="0.001"/>
  <testcase name="test3" classname="package1.MyUtilTest" time="0.001"/>
</testsuite>